<?xml version="1.0" encoding="UTF-8"?>
<testng-results skipped="0" failed="0" ignored="0" total="2" passed="2">
  <reporter-output>
  </reporter-output>
  <suite name="Default suite" duration-ms="42057" started-at="2021-02-07T08:19:57 IST" finished-at="2021-02-07T08:20:39 IST">
    <groups>
    </groups>
    <test name="Default test" duration-ms="42057" started-at="2021-02-07T08:19:57 IST" finished-at="2021-02-07T08:20:39 IST">
      <class name="com.amazon.test.superScript">
        <test-method status="PASS" signature="openAmazonApp()[pri:0, instance:com.amazon.test.superScript@57e1b0c]" name="openAmazonApp" is-config="true" duration-ms="17605" started-at="2021-02-07T08:19:40 IST" finished-at="2021-02-07T08:19:57 IST">
          <reporter-output>
          </reporter-output>
        </test-method> <!-- openAmazonApp -->
        <test-method status="PASS" signature="loginAmazon()[pri:1, instance:com.amazon.test.superScript@57e1b0c]" name="loginAmazon" duration-ms="18541" started-at="2021-02-07T08:19:57 IST" finished-at="2021-02-07T08:20:16 IST">
          <reporter-output>
          </reporter-output>
        </test-method> <!-- loginAmazon -->
        <test-method status="PASS" signature="purchaseItem()[pri:2, instance:com.amazon.test.superScript@57e1b0c]" name="purchaseItem" duration-ms="23474" started-at="2021-02-07T08:20:16 IST" finished-at="2021-02-07T08:20:39 IST">
          <reporter-output>
          </reporter-output>
        </test-method> <!-- purchaseItem -->
        <test-method status="PASS" signature="closeAmazonApp()[pri:0, instance:com.amazon.test.superScript@57e1b0c]" name="closeAmazonApp" is-config="true" duration-ms="564" started-at="2021-02-07T08:20:39 IST" finished-at="2021-02-07T08:20:40 IST">
          <reporter-output>
          </reporter-output>
        </test-method> <!-- closeAmazonApp -->
      </class> <!-- com.amazon.test.superScript -->
    </test> <!-- Default test -->
  </suite> <!-- Default suite -->
</testng-results>
