<?xml version="1.0" encoding="UTF-8"?>
<testng-results skipped="0" failed="1" ignored="0" total="2" passed="1">
  <reporter-output>
  </reporter-output>
  <suite name="Suite" duration-ms="36879" started-at="2021-02-06T23:19:03 IST" finished-at="2021-02-06T23:19:40 IST">
    <groups>
    </groups>
    <test name="Test" duration-ms="36879" started-at="2021-02-06T23:19:03 IST" finished-at="2021-02-06T23:19:40 IST">
      <class name="com.amazon.test.superScript">
        <test-method status="PASS" signature="openAmazonApp()[pri:0, instance:com.amazon.test.superScript@57e1b0c]" name="openAmazonApp" is-config="true" duration-ms="17613" started-at="2021-02-06T23:18:45 IST" finished-at="2021-02-06T23:19:03 IST">
          <reporter-output>
          </reporter-output>
        </test-method> <!-- openAmazonApp -->
        <test-method status="PASS" signature="loginAmazon()[pri:1, instance:com.amazon.test.superScript@57e1b0c]" name="loginAmazon" duration-ms="21232" started-at="2021-02-06T23:19:03 IST" finished-at="2021-02-06T23:19:24 IST">
          <reporter-output>
          </reporter-output>
        </test-method> <!-- loginAmazon -->
        <test-method status="FAIL" signature="purchaseItem()[pri:2, instance:com.amazon.test.superScript@57e1b0c]" name="purchaseItem" duration-ms="15604" started-at="2021-02-06T23:19:24 IST" finished-at="2021-02-06T23:19:40 IST">
          <exception class="org.openqa.selenium.NoSuchElementException">
            <message>
              <![CDATA[An element could not be located on the page using the given search parameters.
For documentation on this error, please visit: https://www.seleniumhq.org/exceptions/no_such_element.html
Build info: version: '3.141.59', revision: 'e82be7d358', time: '2018-11-14T08:25:48'
System info: host: 'LIN60016103', ip: '192.168.31.231', os.name: 'Windows 10', os.arch: 'amd64', os.version: '10.0', java.version: '1.8.0_144'
Driver info: io.appium.java_client.android.AndroidDriver
Capabilities {BROWSER_NAME: Android, app: C:\Users\ankitran\eclipse-w..., appActivity: com.amazon.mShop.home.HomeA..., appPackage: com.amazon.mShop.android.sh..., automationName: Appium, databaseEnabled: false, desired: {BROWSER_NAME: Android, app: C:\Users\ankitran\eclipse-w..., appActivity: com.amazon.mShop.home.HomeA..., appPackage: com.amazon.mShop.android.sh..., automationName: Appium, deviceName: Honor Play, noReset: false, platformName: android, platformVersion: 9.1.0, udid: CRV7N18829001395}, deviceManufacturer: HUAWEI, deviceModel: COR-AL00, deviceName: CRV7N18829001395, deviceScreenSize: 1080x2340, deviceUDID: CRV7N18829001395, javascriptEnabled: true, locationContextEnabled: false, networkConnectionEnabled: true, noReset: false, platform: LINUX, platformName: Android, platformVersion: 9, takesScreenshot: true, udid: CRV7N18829001395, warnings: {}, webStorageEnabled: false}
Session ID: 088f8a07-fa9e-451e-aae5-cdb798446d13
*** Element info: {Using=xpath, value=//android.widget.TextView[@text='VU 163 cm (65 Inches) 4K Ultra HD Smart Android LED TV 65PM (Black) (2020 Model)']}]]>
            </message>
            <full-stacktrace>
              <![CDATA[org.openqa.selenium.NoSuchElementException: An element could not be located on the page using the given search parameters.
For documentation on this error, please visit: https://www.seleniumhq.org/exceptions/no_such_element.html
Build info: version: '3.141.59', revision: 'e82be7d358', time: '2018-11-14T08:25:48'
System info: host: 'LIN60016103', ip: '192.168.31.231', os.name: 'Windows 10', os.arch: 'amd64', os.version: '10.0', java.version: '1.8.0_144'
Driver info: io.appium.java_client.android.AndroidDriver
Capabilities {BROWSER_NAME: Android, app: C:\Users\ankitran\eclipse-w..., appActivity: com.amazon.mShop.home.HomeA..., appPackage: com.amazon.mShop.android.sh..., automationName: Appium, databaseEnabled: false, desired: {BROWSER_NAME: Android, app: C:\Users\ankitran\eclipse-w..., appActivity: com.amazon.mShop.home.HomeA..., appPackage: com.amazon.mShop.android.sh..., automationName: Appium, deviceName: Honor Play, noReset: false, platformName: android, platformVersion: 9.1.0, udid: CRV7N18829001395}, deviceManufacturer: HUAWEI, deviceModel: COR-AL00, deviceName: CRV7N18829001395, deviceScreenSize: 1080x2340, deviceUDID: CRV7N18829001395, javascriptEnabled: true, locationContextEnabled: false, networkConnectionEnabled: true, noReset: false, platform: LINUX, platformName: Android, platformVersion: 9, takesScreenshot: true, udid: CRV7N18829001395, warnings: {}, webStorageEnabled: false}
Session ID: 088f8a07-fa9e-451e-aae5-cdb798446d13
*** Element info: {Using=xpath, value=//android.widget.TextView[@text='VU 163 cm (65 Inches) 4K Ultra HD Smart Android LED TV 65PM (Black) (2020 Model)']}
at sun.reflect.NativeConstructorAccessorImpl.newInstance0(Native Method)
at sun.reflect.NativeConstructorAccessorImpl.newInstance(Unknown Source)
at sun.reflect.DelegatingConstructorAccessorImpl.newInstance(Unknown Source)
at java.lang.reflect.Constructor.newInstance(Unknown Source)
at org.openqa.selenium.remote.http.W3CHttpResponseCodec.createException(W3CHttpResponseCodec.java:187)
at org.openqa.selenium.remote.http.W3CHttpResponseCodec.decode(W3CHttpResponseCodec.java:122)
at org.openqa.selenium.remote.http.W3CHttpResponseCodec.decode(W3CHttpResponseCodec.java:49)
at org.openqa.selenium.remote.HttpCommandExecutor.execute(HttpCommandExecutor.java:158)
at io.appium.java_client.remote.AppiumCommandExecutor.execute(AppiumCommandExecutor.java:239)
at org.openqa.selenium.remote.RemoteWebDriver.execute(RemoteWebDriver.java:552)
at io.appium.java_client.DefaultGenericMobileDriver.execute(DefaultGenericMobileDriver.java:41)
at io.appium.java_client.AppiumDriver.execute(AppiumDriver.java:1)
at io.appium.java_client.android.AndroidDriver.execute(AndroidDriver.java:1)
at org.openqa.selenium.remote.RemoteWebDriver.findElement(RemoteWebDriver.java:323)
at io.appium.java_client.DefaultGenericMobileDriver.findElement(DefaultGenericMobileDriver.java:61)
at io.appium.java_client.AppiumDriver.findElement(AppiumDriver.java:1)
at io.appium.java_client.android.AndroidDriver.findElement(AndroidDriver.java:1)
at org.openqa.selenium.remote.RemoteWebDriver.findElementByXPath(RemoteWebDriver.java:428)
at io.appium.java_client.DefaultGenericMobileDriver.findElementByXPath(DefaultGenericMobileDriver.java:151)
at io.appium.java_client.AppiumDriver.findElementByXPath(AppiumDriver.java:1)
at io.appium.java_client.android.AndroidDriver.findElementByXPath(AndroidDriver.java:1)
at org.openqa.selenium.By$ByXPath.findElement(By.java:353)
at org.openqa.selenium.remote.RemoteWebDriver.findElement(RemoteWebDriver.java:315)
at io.appium.java_client.DefaultGenericMobileDriver.findElement(DefaultGenericMobileDriver.java:57)
at io.appium.java_client.AppiumDriver.findElement(AppiumDriver.java:1)
at io.appium.java_client.android.AndroidDriver.findElement(AndroidDriver.java:1)
at com.amazon.driverConfig.selectProduct(driverConfig.java:131)
at com.amazon.searchProduct.searchTV(searchProduct.java:11)
at com.amazon.test.superScript.purchaseItem(superScript.java:30)
at sun.reflect.NativeMethodAccessorImpl.invoke0(Native Method)
at sun.reflect.NativeMethodAccessorImpl.invoke(Unknown Source)
at sun.reflect.DelegatingMethodAccessorImpl.invoke(Unknown Source)
at java.lang.reflect.Method.invoke(Unknown Source)
at org.testng.internal.MethodInvocationHelper.invokeMethod(MethodInvocationHelper.java:133)
at org.testng.internal.TestInvoker.invokeMethod(TestInvoker.java:584)
at org.testng.internal.TestInvoker.invokeTestMethod(TestInvoker.java:172)
at org.testng.internal.MethodRunner.runInSequence(MethodRunner.java:46)
at org.testng.internal.TestInvoker$MethodInvocationAgent.invoke(TestInvoker.java:804)
at org.testng.internal.TestInvoker.invokeTestMethods(TestInvoker.java:145)
at org.testng.internal.TestMethodWorker.invokeTestMethods(TestMethodWorker.java:146)
at org.testng.internal.TestMethodWorker.run(TestMethodWorker.java:128)
at java.util.ArrayList.forEach(Unknown Source)
at org.testng.TestRunner.privateRun(TestRunner.java:770)
at org.testng.TestRunner.run(TestRunner.java:591)
at org.testng.SuiteRunner.runTest(SuiteRunner.java:402)
at org.testng.SuiteRunner.runSequentially(SuiteRunner.java:396)
at org.testng.SuiteRunner.privateRun(SuiteRunner.java:355)
at org.testng.SuiteRunner.run(SuiteRunner.java:304)
at org.testng.SuiteRunnerWorker.runSuite(SuiteRunnerWorker.java:53)
at org.testng.SuiteRunnerWorker.run(SuiteRunnerWorker.java:96)
at org.testng.TestNG.runSuitesSequentially(TestNG.java:1180)
at org.testng.TestNG.runSuitesLocally(TestNG.java:1102)
at org.testng.TestNG.runSuites(TestNG.java:1032)
at org.testng.TestNG.run(TestNG.java:1000)
at org.testng.remote.AbstractRemoteTestNG.run(AbstractRemoteTestNG.java:115)
at org.testng.remote.RemoteTestNG.initAndRun(RemoteTestNG.java:251)
at org.testng.remote.RemoteTestNG.main(RemoteTestNG.java:77)
]]>
            </full-stacktrace>
          </exception> <!-- org.openqa.selenium.NoSuchElementException -->
          <reporter-output>
          </reporter-output>
        </test-method> <!-- purchaseItem -->
        <test-method status="PASS" signature="closeAmazonApp()[pri:0, instance:com.amazon.test.superScript@57e1b0c]" name="closeAmazonApp" is-config="true" duration-ms="592" started-at="2021-02-06T23:19:40 IST" finished-at="2021-02-06T23:19:40 IST">
          <reporter-output>
          </reporter-output>
        </test-method> <!-- closeAmazonApp -->
      </class> <!-- com.amazon.test.superScript -->
    </test> <!-- Test -->
  </suite> <!-- Suite -->
</testng-results>
