<?xml version="1.0" encoding="UTF-8"?>
<!-- Generated by org.testng.reporters.JUnitXMLReporter -->
<testsuite hostname="LIN60016103" ignored="0" name="Test" tests="2" failures="1" timestamp="2021-02-06T23:19:40 IST" time="36.879" errors="0">
  <testcase name="loginAmazon" time="21.232" classname="com.amazon.test.superScript"/>
  <testcase name="purchaseItem" time="15.604" classname="com.amazon.test.superScript">
    <failure type="org.openqa.selenium.NoSuchElementException" message="An element could not be located on the page using the given search parameters.
For documentation on this error, please visit: https://www.seleniumhq.org/exceptions/no_such_element.html
Build info: version: &amp;apos;3.141.59&amp;apos;, revision: &amp;apos;e82be7d358&amp;apos;, time: &amp;apos;2018-11-14T08:25:48&amp;apos;
System info: host: &amp;apos;LIN60016103&amp;apos;, ip: &amp;apos;192.168.31.231&amp;apos;, os.name: &amp;apos;Windows 10&amp;apos;, os.arch: &amp;apos;amd64&amp;apos;, os.version: &amp;apos;10.0&amp;apos;, java.version: &amp;apos;1.8.0_144&amp;apos;
Driver info: io.appium.java_client.android.AndroidDriver
Capabilities {BROWSER_NAME: Android, app: C:\Users\ankitran\eclipse-w..., appActivity: com.amazon.mShop.home.HomeA..., appPackage: com.amazon.mShop.android.sh..., automationName: Appium, databaseEnabled: false, desired: {BROWSER_NAME: Android, app: C:\Users\ankitran\eclipse-w..., appActivity: com.amazon.mShop.home.HomeA..., appPackage: com.amazon.mShop.android.sh..., automationName: Appium, deviceName: Honor Play, noReset: false, platformName: android, platformVersion: 9.1.0, udid: CRV7N18829001395}, deviceManufacturer: HUAWEI, deviceModel: COR-AL00, deviceName: CRV7N18829001395, deviceScreenSize: 1080x2340, deviceUDID: CRV7N18829001395, javascriptEnabled: true, locationContextEnabled: false, networkConnectionEnabled: true, noReset: false, platform: LINUX, platformName: Android, platformVersion: 9, takesScreenshot: true, udid: CRV7N18829001395, warnings: {}, webStorageEnabled: false}
Session ID: 088f8a07-fa9e-451e-aae5-cdb798446d13
*** Element info: {Using=xpath, value=//android.widget.TextView[@text=&amp;apos;VU 163 cm (65 Inches) 4K Ultra HD Smart Android LED TV 65PM (Black) (2020 Model)&amp;apos;]}">
      <![CDATA[org.openqa.selenium.NoSuchElementException: An element could not be located on the page using the given search parameters.
For documentation on this error, please visit: https://www.seleniumhq.org/exceptions/no_such_element.html
Build info: version: '3.141.59', revision: 'e82be7d358', time: '2018-11-14T08:25:48'
System info: host: 'LIN60016103', ip: '192.168.31.231', os.name: 'Windows 10', os.arch: 'amd64', os.version: '10.0', java.version: '1.8.0_144'
Driver info: io.appium.java_client.android.AndroidDriver
Capabilities {BROWSER_NAME: Android, app: C:\Users\ankitran\eclipse-w..., appActivity: com.amazon.mShop.home.HomeA..., appPackage: com.amazon.mShop.android.sh..., automationName: Appium, databaseEnabled: false, desired: {BROWSER_NAME: Android, app: C:\Users\ankitran\eclipse-w..., appActivity: com.amazon.mShop.home.HomeA..., appPackage: com.amazon.mShop.android.sh..., automationName: Appium, deviceName: Honor Play, noReset: false, platformName: android, platformVersion: 9.1.0, udid: CRV7N18829001395}, deviceManufacturer: HUAWEI, deviceModel: COR-AL00, deviceName: CRV7N18829001395, deviceScreenSize: 1080x2340, deviceUDID: CRV7N18829001395, javascriptEnabled: true, locationContextEnabled: false, networkConnectionEnabled: true, noReset: false, platform: LINUX, platformName: Android, platformVersion: 9, takesScreenshot: true, udid: CRV7N18829001395, warnings: {}, webStorageEnabled: false}
Session ID: 088f8a07-fa9e-451e-aae5-cdb798446d13
*** Element info: {Using=xpath, value=//android.widget.TextView[@text='VU 163 cm (65 Inches) 4K Ultra HD Smart Android LED TV 65PM (Black) (2020 Model)']}
at org.openqa.selenium.remote.http.W3CHttpResponseCodec.createException(W3CHttpResponseCodec.java:187)
at org.openqa.selenium.remote.http.W3CHttpResponseCodec.decode(W3CHttpResponseCodec.java:122)
at org.openqa.selenium.remote.http.W3CHttpResponseCodec.decode(W3CHttpResponseCodec.java:49)
at org.openqa.selenium.remote.HttpCommandExecutor.execute(HttpCommandExecutor.java:158)
at io.appium.java_client.remote.AppiumCommandExecutor.execute(AppiumCommandExecutor.java:239)
at org.openqa.selenium.remote.RemoteWebDriver.execute(RemoteWebDriver.java:552)
at io.appium.java_client.DefaultGenericMobileDriver.execute(DefaultGenericMobileDriver.java:41)
at io.appium.java_client.AppiumDriver.execute(AppiumDriver.java:1)
at io.appium.java_client.android.AndroidDriver.execute(AndroidDriver.java:1)
at org.openqa.selenium.remote.RemoteWebDriver.findElement(RemoteWebDriver.java:323)
at io.appium.java_client.DefaultGenericMobileDriver.findElement(DefaultGenericMobileDriver.java:61)
at io.appium.java_client.AppiumDriver.findElement(AppiumDriver.java:1)
at io.appium.java_client.android.AndroidDriver.findElement(AndroidDriver.java:1)
at org.openqa.selenium.remote.RemoteWebDriver.findElementByXPath(RemoteWebDriver.java:428)
at io.appium.java_client.DefaultGenericMobileDriver.findElementByXPath(DefaultGenericMobileDriver.java:151)
at io.appium.java_client.AppiumDriver.findElementByXPath(AppiumDriver.java:1)
at io.appium.java_client.android.AndroidDriver.findElementByXPath(AndroidDriver.java:1)
at org.openqa.selenium.By$ByXPath.findElement(By.java:353)
at org.openqa.selenium.remote.RemoteWebDriver.findElement(RemoteWebDriver.java:315)
at io.appium.java_client.DefaultGenericMobileDriver.findElement(DefaultGenericMobileDriver.java:57)
at io.appium.java_client.AppiumDriver.findElement(AppiumDriver.java:1)
at io.appium.java_client.android.AndroidDriver.findElement(AndroidDriver.java:1)
at com.amazon.driverConfig.selectProduct(driverConfig.java:131)
at com.amazon.searchProduct.searchTV(searchProduct.java:11)
at com.amazon.test.superScript.purchaseItem(superScript.java:30)
at java.util.ArrayList.forEach(Unknown Source)
... Removed 31 stack frames]]>
    </failure>
  </testcase> <!-- purchaseItem -->
</testsuite> <!-- Test -->
